#
# A fatal error has been detected by the Java Runtime Environment:
#
#  EXCEPTION_ACCESS_VIOLATION (0xc0000005) at pc=0x00007ff880f15465, pid=11980, tid=9376
#
# JRE version: OpenJDK Runtime Environment (11.0.15) (build 11.0.15+0-b2043.56-8887301)
# Java VM: OpenJDK 64-Bit Server VM (11.0.15+0-b2043.56-8887301, mixed mode, tiered, compressed oops, g1 gc, windows-amd64)
# Problematic frame:
# V  [jvm.dll+0x715465]
#
# No core dump will be written. Minidumps are not enabled by default on client versions of Windows
#
# If you would like to submit a bug report, please visit:
#   https://bugreport.java.com/bugreport/crash.jsp
#

---------------  S U M M A R Y ------------

Command Line: --add-opens=java.base/java.util=ALL-UNNAMED --add-opens=java.base/java.lang=ALL-UNNAMED --add-opens=java.base/java.lang.invoke=ALL-UNNAMED --add-opens=java.base/java.util=ALL-UNNAMED --add-opens=java.prefs/java.util.prefs=ALL-UNNAMED --add-opens=java.prefs/java.util.prefs=ALL-UNNAMED --add-opens=java.base/java.nio.charset=ALL-UNNAMED --add-opens=java.base/java.net=ALL-UNNAMED --add-opens=java.base/java.util.concurrent.atomic=ALL-UNNAMED -Xmx2048m -Dfile.encoding=UTF-8 -Duser.country=IN -Duser.language=en -Duser.variant org.gradle.launcher.daemon.bootstrap.GradleDaemon 7.5

Host: Intel(R) Core(TM) i3-5005U CPU @ 2.00GHz, 4 cores, 11G,  Windows 10 , 64 bit Build 19041 (10.0.19041.3636)
Time: Sun May 12 06:51:10 2024 India Standard Time elapsed time: 4.590348 seconds (0d 0h 0m 4s)

---------------  T H R E A D  ---------------

Current thread (0x00000248bfc20000):  JavaThread "C2 CompilerThread0" daemon [_thread_in_vm, id=9376, stack(0x0000007b10400000,0x0000007b10500000)]


Current CompileTask:
C2:   4590 1721       4       jdk.internal.org.objectweb.asm.Item::set (219 bytes)

Stack: [0x0000007b10400000,0x0000007b10500000],  sp=0x0000007b104fcb80,  free space=1010k
Native frames: (J=compiled Java code, j=interpreted, Vv=VM code, C=native code)
V  [jvm.dll+0x715465]
V  [jvm.dll+0x714735]
V  [jvm.dll+0x5f0e5b]
V  [jvm.dll+0x1c5c6c]
V  [jvm.dll+0x12f8e4]
V  [jvm.dll+0x12fbeb]
V  [jvm.dll+0x12f4a1]
V  [jvm.dll+0x2d73b0]
V  [jvm.dll+0x2d91ea]
V  [jvm.dll+0x65f336]
V  [jvm.dll+0x656cbb]
V  [jvm.dll+0x656309]
V  [jvm.dll+0x6540ed]
V  [jvm.dll+0x1a130c]
V  [jvm.dll+0x2d926f]
V  [jvm.dll+0x65f336]
V  [jvm.dll+0x656cbb]
V  [jvm.dll+0x656309]
V  [jvm.dll+0x6540ed]
V  [jvm.dll+0x1a130c]
V  [jvm.dll+0x2200ef]
V  [jvm.dll+0x19e851]
V  [jvm.dll+0x230479]
V  [jvm.dll+0x22e5ef]
V  [jvm.dll+0x794de1]
V  [jvm.dll+0x78dc24]
V  [jvm.dll+0x6400f6]
C  [ucrtbase.dll+0x21bb2]
C  [KERNEL32.DLL+0x17344]
C  [ntdll.dll+0x526b1]


siginfo: EXCEPTION_ACCESS_VIOLATION (0xc0000005), reading address 0x00000000097c8044


Register to memory mapping:

RIP=0x00007ff880f15465 jvm.dll
RAX=0x0000000000000002 is an unknown value
RBX=0x0000007b104fcc00 is pointing into the stack for thread: 0x00000248bfc20000
RCX=0x0000000000000002 is an unknown value
RDX=0x0000000000000042 is an unknown value
RSP=0x0000007b104fcb80 is pointing into the stack for thread: 0x00000248bfc20000
RBP=0x00000248c0fc2290 points into unknown readable memory: 0x0000000000000000 | 00 00 00 00 00 00 00 00
RSI=0x0000007b104fcc00 is pointing into the stack for thread: 0x00000248bfc20000
RDI=0x00000248c0fc9e30 points into unknown readable memory: 0x0000000a00000000 | 00 00 00 00 0a 00 00 00
R8 =0x0000000000000002 is an unknown value
R9 =0x00000248bf274e60 points into unknown readable memory: 0x5b28fc36ffff0005 | 05 00 ff ff 36 fc 28 5b
R10=0x00000248bfbcaa70 points into unknown readable memory: 0x0000001e00000002 | 02 00 00 00 1e 00 00 00
R11={method} {0x00000248bf519ec8} 'hashCode' '([B)I' in 'java/lang/StringLatin1'
R12=0x00000248c0fc9e30 points into unknown readable memory: 0x0000000a00000000 | 00 00 00 00 0a 00 00 00
R13=0x00000248c0fca278 points into unknown readable memory: 0x087156c6d6dc2d0d | 0d 2d dc d6 c6 56 71 08
R14=0x0000007b104fcc70 is pointing into the stack for thread: 0x00000248bfc20000
R15=0x00000248bfc20000 is a thread


Registers:
RAX=0x0000000000000002, RBX=0x0000007b104fcc00, RCX=0x0000000000000002, RDX=0x0000000000000042
RSP=0x0000007b104fcb80, RBP=0x00000248c0fc2290, RSI=0x0000007b104fcc00, RDI=0x00000248c0fc9e30
R8 =0x0000000000000002, R9 =0x00000248bf274e60, R10=0x00000248bfbcaa70, R11=0x00000248bf519ec0
R12=0x00000248c0fc9e30, R13=0x00000248c0fca278, R14=0x0000007b104fcc70, R15=0x00000248bfc20000
RIP=0x00007ff880f15465, EFLAGS=0x0000000000010216

Top of Stack: (sp=0x0000007b104fcb80)
0x0000007b104fcb80:   00000248c2751c60 0000000000000000
0x0000007b104fcb90:   0000007b104fdb20 00007ff880fa5644
0x0000007b104fcba0:   000000000000000a 00007ff880f14735
0x0000007b104fcbb0:   0000000000000000 0000007b104fcc00
0x0000007b104fcbc0:   00000248c15f9ac0 00007ff880fa4c90
0x0000007b104fcbd0:   0000000000000000 00007ff880df0e5b
0x0000007b104fcbe0:   0000000000000000 00000248bfc17e40
0x0000007b104fcbf0:   0000007b104fcd70 00000248bfc20000
0x0000007b104fcc00:   00000248bf274e60 0000000200000001
0x0000007b104fcc10:   000000000000000d 00000248c0fc9e30
0x0000007b104fcc20:   0000000000000023 0000007b104fce80
0x0000007b104fcc30:   0000000000000145 00000248c0f1d0b0
0x0000007b104fcc40:   00000248bfc20000 00007ff8809c5c6c
0x0000007b104fcc50:   00000000000083b0 00000248c0f201b0
0x0000007b104fcc60:   00000248c0f1d0b0 000000000000002a
0x0000007b104fcc70:   00000248bf519ec0 00000248bfc20000 

Instructions: (pc=0x00007ff880f15465)
0x00007ff880f15365:   ff c7 43 14 00 00 00 00 48 83 c4 30 5b c3 90 1c
0x00007ff880f15375:   52 71 00 30 52 71 00 44 52 71 00 9b 52 71 00 00
0x00007ff880f15385:   00 00 03 00 03 03 00 00 03 01 03 03 03 03 03 03
0x00007ff880f15395:   00 03 03 00 03 03 03 00 02 cc cc 40 53 48 83 ec
0x00007ff880f153a5:   20 48 8b d9 83 fa 29 0f 84 43 01 00 00 83 fa 4c
0x00007ff880f153b5:   0f 84 0d 01 00 00 83 fa 5b 74 1b ba 51 01 00 00
0x00007ff880f153c5:   48 8d 0d 94 81 22 00 e8 4f 3c b5 ff 48 83 c4 20
0x00007ff880f153d5:   5b e9 b5 3c f2 ff 48 63 41 0c 4c 8b 09 44 8b c0
0x00007ff880f153e5:   c7 41 10 0d 00 00 00 42 0f b6 54 08 06 80 fa 30
0x00007ff880f153f5:   7c 2a 8b c8 0f 1f 80 00 00 00 00 8b c1 80 fa 39
0x00007ff880f15405:   77 1a 48 63 4b 0c 8d 41 01 89 43 0c 44 8b c0 42
0x00007ff880f15415:   0f b6 54 09 06 8b c8 80 fa 30 7d df 48 63 c8 42
0x00007ff880f15425:   80 7c 09 06 5b 75 43 8b d0 66 90 8d 42 01 48 63
0x00007ff880f15435:   ca 89 43 0c 44 8b c0 42 0f b6 54 09 07 80 fa 30
0x00007ff880f15445:   7c 1b 80 fa 39 77 16 48 63 c8 ff c0 89 43 0c 44
0x00007ff880f15455:   8b c0 42 0f b6 54 09 06 80 fa 30 7d e5 48 63 c8
0x00007ff880f15465:   8b d0 42 80 7c 09 06 5b 74 c1 48 63 c8 42 0f be
0x00007ff880f15475:   54 09 06 83 c2 be 83 fa 18 77 30 48 63 ca 4c 8d
0x00007ff880f15485:   15 76 ab 8e ff 41 0f b6 8c 0a 10 55 71 00 41 8b
0x00007ff880f15495:   94 8a 08 55 71 00 49 03 d2 ff e2 ff c0 89 43 0c
0x00007ff880f154a5:   48 83 c4 20 5b c3 0f 1f 44 00 00 49 63 c0 41 ff
0x00007ff880f154b5:   c0 44 89 43 0c 42 80 7c 08 06 3b 75 ee 48 83 c4
0x00007ff880f154c5:   20 5b c3 48 8b 11 c7 41 10 0c 00 00 00 8b 49 0c
0x00007ff880f154d5:   66 66 66 0f 1f 84 00 00 00 00 00 48 63 c1 ff c1
0x00007ff880f154e5:   89 4b 0c 80 7c 10 06 3b 75 f1 48 83 c4 20 5b c3
0x00007ff880f154f5:   ff 41 0c e8 b3 b1 ab ff c6 43 14 01 48 83 c4 20
0x00007ff880f15505:   5b c3 90 a0 54 71 00 b0 54 71 00 00 00 00 01 00
0x00007ff880f15515:   01 01 00 00 01 01 01 01 01 01 01 01 00 01 01 01
0x00007ff880f15525:   01 01 01 00 cc cc cc cc cc cc cc 48 89 5c 24 08
0x00007ff880f15535:   57 48 83 ec 20 48 63 51 10 48 8b d9 4c 8b 49 08
0x00007ff880f15545:   bf ff ff ff ff 4c 8b c2 42 0f be 44 0a 06 83 c0
0x00007ff880f15555:   be 83 f8 19 0f 87 5b 02 00 00 4c 8d 15 9a aa 8e 


Stack slot to memory mapping:
stack at sp + 0 slots: 0x00000248c2751c60 points into unknown readable memory: 0x0000007b104fe860 | 60 e8 4f 10 7b 00 00 00
stack at sp + 1 slots: 0x0 is NULL
stack at sp + 2 slots: 0x0000007b104fdb20 is pointing into the stack for thread: 0x00000248bfc20000
stack at sp + 3 slots: 0x00007ff880fa5644 jvm.dll
stack at sp + 4 slots: 0x000000000000000a is an unknown value
stack at sp + 5 slots: 0x00007ff880f14735 jvm.dll
stack at sp + 6 slots: 0x0 is NULL
stack at sp + 7 slots: 0x0000007b104fcc00 is pointing into the stack for thread: 0x00000248bfc20000


---------------  P R O C E S S  ---------------

Threads class SMR info:
_java_thread_list=0x00000248c270d5e0, length=21, elements={
0x00000248a5769000, 0x00000248bf3a6800, 0x00000248bf3b4000, 0x00000248bfc16800,
0x00000248bfc18800, 0x00000248bfc1a800, 0x00000248bfc20000, 0x00000248bfc24800,
0x00000248bfc27800, 0x00000248bfd81000, 0x00000248c2504000, 0x00000248c2077000,
0x00000248c23a4000, 0x00000248c2791000, 0x00000248c2218800, 0x00000248c2219000,
0x00000248c2161800, 0x00000248c296a800, 0x00000248c2132800, 0x00000248c28f3800,
0x00000248c1efe000
}

Java Threads: ( => current thread )
  0x00000248a5769000 JavaThread "main" [_thread_blocked, id=4060, stack(0x0000007b0f800000,0x0000007b0f900000)]
  0x00000248bf3a6800 JavaThread "Reference Handler" daemon [_thread_blocked, id=12320, stack(0x0000007b0ff00000,0x0000007b10000000)]
  0x00000248bf3b4000 JavaThread "Finalizer" daemon [_thread_blocked, id=9660, stack(0x0000007b10000000,0x0000007b10100000)]
  0x00000248bfc16800 JavaThread "Signal Dispatcher" daemon [_thread_blocked, id=7516, stack(0x0000007b10100000,0x0000007b10200000)]
  0x00000248bfc18800 JavaThread "Attach Listener" daemon [_thread_blocked, id=6720, stack(0x0000007b10200000,0x0000007b10300000)]
  0x00000248bfc1a800 JavaThread "Service Thread" daemon [_thread_blocked, id=736, stack(0x0000007b10300000,0x0000007b10400000)]
=>0x00000248bfc20000 JavaThread "C2 CompilerThread0" daemon [_thread_in_vm, id=9376, stack(0x0000007b10400000,0x0000007b10500000)]
  0x00000248bfc24800 JavaThread "C1 CompilerThread0" daemon [_thread_blocked, id=8156, stack(0x0000007b10500000,0x0000007b10600000)]
  0x00000248bfc27800 JavaThread "Sweeper thread" daemon [_thread_blocked, id=2908, stack(0x0000007b10600000,0x0000007b10700000)]
  0x00000248bfd81000 JavaThread "Common-Cleaner" daemon [_thread_blocked, id=4424, stack(0x0000007b10700000,0x0000007b10800000)]
  0x00000248c2504000 JavaThread "Daemon health stats" [_thread_blocked, id=5116, stack(0x0000007b10d00000,0x0000007b10e00000)]
  0x00000248c2077000 JavaThread "Incoming local TCP Connector on port 59347" [_thread_in_native, id=10648, stack(0x0000007b10900000,0x0000007b10a00000)]
  0x00000248c23a4000 JavaThread "Daemon periodic checks" [_thread_blocked, id=11732, stack(0x0000007b10e00000,0x0000007b10f00000)]
  0x00000248c2791000 JavaThread "Daemon" [_thread_blocked, id=2036, stack(0x0000007b10f00000,0x0000007b11000000)]
  0x00000248c2218800 JavaThread "Handler for socket connection from /127.0.0.1:59347 to /127.0.0.1:59348" [_thread_in_native, id=9928, stack(0x0000007b11000000,0x0000007b11100000)]
  0x00000248c2219000 JavaThread "Cancel handler" [_thread_blocked, id=12712, stack(0x0000007b11100000,0x0000007b11200000)]
  0x00000248c2161800 JavaThread "Daemon worker" [_thread_blocked, id=13412, stack(0x0000007b11200000,0x0000007b11300000)]
  0x00000248c296a800 JavaThread "Asynchronous log dispatcher for DefaultDaemonConnection: socket connection from /127.0.0.1:59347 to /127.0.0.1:59348" [_thread_blocked, id=2548, stack(0x0000007b11300000,0x0000007b11400000)]
  0x00000248c2132800 JavaThread "Stdin handler" [_thread_blocked, id=14104, stack(0x0000007b11400000,0x0000007b11500000)]
  0x00000248c28f3800 JavaThread "Daemon client event forwarder" [_thread_blocked, id=5716, stack(0x0000007b11500000,0x0000007b11600000)]
  0x00000248c1efe000 JavaThread "C2 CompilerThread1" daemon [_thread_blocked, id=14172, stack(0x0000007b11600000,0x0000007b11700000)]

Other Threads:
  0x00000248bfbc8800 VMThread "VM Thread" [stack: 0x0000007b0fe00000,0x0000007b0ff00000] [id=2152]
  0x00000248bfd86000 WatcherThread [stack: 0x0000007b10800000,0x0000007b10900000] [id=9916]
  0x00000248a5782800 GCTaskThread "GC Thread#0" [stack: 0x0000007b0f900000,0x0000007b0fa00000] [id=4056]
  0x00000248c06cb800 GCTaskThread "GC Thread#1" [stack: 0x0000007b10a00000,0x0000007b10b00000] [id=3012]
  0x00000248c04a8800 GCTaskThread "GC Thread#2" [stack: 0x0000007b10b00000,0x0000007b10c00000] [id=6296]
  0x00000248c04a9000 GCTaskThread "GC Thread#3" [stack: 0x0000007b10c00000,0x0000007b10d00000] [id=3240]
  0x00000248a57b4000 ConcurrentGCThread "G1 Main Marker" [stack: 0x0000007b0fa00000,0x0000007b0fb00000] [id=13528]
  0x00000248a57b6800 ConcurrentGCThread "G1 Conc#0" [stack: 0x0000007b0fb00000,0x0000007b0fc00000] [id=12464]
  0x00000248a583d800 ConcurrentGCThread "G1 Refine#0" [stack: 0x0000007b0fc00000,0x0000007b0fd00000] [id=7084]
  0x00000248bf1fa800 ConcurrentGCThread "G1 Young RemSet Sampling" [stack: 0x0000007b0fd00000,0x0000007b0fe00000] [id=13360]

Threads with active compile tasks:
C2 CompilerThread0     4678 1721       4       jdk.internal.org.objectweb.asm.Item::set (219 bytes)
C1 CompilerThread0     4678 1724       3       java.util.regex.Pattern::sequence (645 bytes)
C2 CompilerThread1     4678 1712   !   4       java.util.concurrent.ConcurrentHashMap::transfer (828 bytes)

VM state:synchronizing (normal execution)

VM Mutex/Monitor currently owned by a thread:  ([mutex/lock_event])
[0x00000248a5764820] Threads_lock - owner thread: 0x00000248bfbc8800

Heap address: 0x0000000080000000, size: 2048 MB, Compressed Oops mode: 32-bit
Narrow klass base: 0x0000000000000000, Narrow klass shift: 3
Compressed class space size: 1073741824 Address: 0x0000000100000000

Heap:
 garbage-first heap   total 196608K, used 45056K [0x0000000080000000, 0x0000000100000000)
  region size 1024K, 36 young (36864K), 4 survivors (4096K)
 Metaspace       used 17348K, capacity 17694K, committed 17792K, reserved 1064960K
  class space    used 1992K, capacity 2135K, committed 2176K, reserved 1048576K
Heap Regions: E=young(eden), S=young(survivor), O=old, HS=humongous(starts), HC=humongous(continues), CS=collection set, F=free, A=archive, TAMS=top-at-mark-start (previous, next)
|   0|0x0000000080000000, 0x0000000080100000, 0x0000000080100000|100%|HS|  |TAMS 0x0000000080000000, 0x0000000080000000| Complete 
|   1|0x0000000080100000, 0x0000000080200000, 0x0000000080200000|100%|HC|  |TAMS 0x0000000080100000, 0x0000000080100000| Complete 
|   2|0x0000000080200000, 0x0000000080300000, 0x0000000080300000|100%|HC|  |TAMS 0x0000000080200000, 0x0000000080200000| Complete 
|   3|0x0000000080300000, 0x0000000080400000, 0x0000000080400000|100%| O|  |TAMS 0x0000000080300000, 0x0000000080300000| Untracked 
|   4|0x0000000080400000, 0x0000000080500000, 0x0000000080500000|100%| O|  |TAMS 0x0000000080400000, 0x0000000080400000| Untracked 
|   5|0x0000000080500000, 0x0000000080600000, 0x0000000080600000|100%| O|  |TAMS 0x0000000080500000, 0x0000000080500000| Untracked 
|   6|0x0000000080600000, 0x0000000080700000, 0x0000000080700000|100%| O|  |TAMS 0x0000000080600000, 0x0000000080600000| Untracked 
|   7|0x0000000080700000, 0x0000000080800000, 0x0000000080800000|100%| O|  |TAMS 0x0000000080700000, 0x0000000080700000| Untracked 
|   8|0x0000000080800000, 0x0000000080800000, 0x0000000080900000|  0%| F|  |TAMS 0x0000000080800000, 0x0000000080800000| Untracked 
|   9|0x0000000080900000, 0x0000000080a00000, 0x0000000080a00000|100%| O|  |TAMS 0x0000000080900000, 0x0000000080900000| Untracked 
|  10|0x0000000080a00000, 0x0000000080a00000, 0x0000000080b00000|  0%| F|  |TAMS 0x0000000080a00000, 0x0000000080a00000| Untracked 
|  11|0x0000000080b00000, 0x0000000080b00000, 0x0000000080c00000|  0%| F|  |TAMS 0x0000000080b00000, 0x0000000080b00000| Untracked 
|  12|0x0000000080c00000, 0x0000000080c00000, 0x0000000080d00000|  0%| F|  |TAMS 0x0000000080c00000, 0x0000000080c00000| Untracked 
|  13|0x0000000080d00000, 0x0000000080d00000, 0x0000000080e00000|  0%| F|  |TAMS 0x0000000080d00000, 0x0000000080d00000| Untracked 
|  14|0x0000000080e00000, 0x0000000080e00000, 0x0000000080f00000|  0%| F|  |TAMS 0x0000000080e00000, 0x0000000080e00000| Untracked 
|  15|0x0000000080f00000, 0x0000000080f00000, 0x0000000081000000|  0%| F|  |TAMS 0x0000000080f00000, 0x0000000080f00000| Untracked 
|  16|0x0000000081000000, 0x0000000081000000, 0x0000000081100000|  0%| F|  |TAMS 0x0000000081000000, 0x0000000081000000| Untracked 
|  17|0x0000000081100000, 0x0000000081100000, 0x0000000081200000|  0%| F|  |TAMS 0x0000000081100000, 0x0000000081100000| Untracked 
|  18|0x0000000081200000, 0x0000000081200000, 0x0000000081300000|  0%| F|  |TAMS 0x0000000081200000, 0x0000000081200000| Untracked 
|  19|0x0000000081300000, 0x0000000081300000, 0x0000000081400000|  0%| F|  |TAMS 0x0000000081300000, 0x0000000081300000| Untracked 
|  20|0x0000000081400000, 0x0000000081400000, 0x0000000081500000|  0%| F|  |TAMS 0x0000000081400000, 0x0000000081400000| Untracked 
|  21|0x0000000081500000, 0x0000000081500000, 0x0000000081600000|  0%| F|  |TAMS 0x0000000081500000, 0x0000000081500000| Untracked 
|  22|0x0000000081600000, 0x0000000081600000, 0x0000000081700000|  0%| F|  |TAMS 0x0000000081600000, 0x0000000081600000| Untracked 
|  23|0x0000000081700000, 0x0000000081700000, 0x0000000081800000|  0%| F|  |TAMS 0x0000000081700000, 0x0000000081700000| Untracked 
|  24|0x0000000081800000, 0x0000000081800000, 0x0000000081900000|  0%| F|  |TAMS 0x0000000081800000, 0x0000000081800000| Untracked 
|  25|0x0000000081900000, 0x0000000081900000, 0x0000000081a00000|  0%| F|  |TAMS 0x0000000081900000, 0x0000000081900000| Untracked 
|  26|0x0000000081a00000, 0x0000000081a00000, 0x0000000081b00000|  0%| F|  |TAMS 0x0000000081a00000, 0x0000000081a00000| Untracked 
|  27|0x0000000081b00000, 0x0000000081b00000, 0x0000000081c00000|  0%| F|  |TAMS 0x0000000081b00000, 0x0000000081b00000| Untracked 
|  28|0x0000000081c00000, 0x0000000081c00000, 0x0000000081d00000|  0%| F|  |TAMS 0x0000000081c00000, 0x0000000081c00000| Untracked 
|  29|0x0000000081d00000, 0x0000000081d00000, 0x0000000081e00000|  0%| F|  |TAMS 0x0000000081d00000, 0x0000000081d00000| Untracked 
|  30|0x0000000081e00000, 0x0000000081e00000, 0x0000000081f00000|  0%| F|  |TAMS 0x0000000081e00000, 0x0000000081e00000| Untracked 
|  31|0x0000000081f00000, 0x0000000081f00000, 0x0000000082000000|  0%| F|  |TAMS 0x0000000081f00000, 0x0000000081f00000| Untracked 
|  32|0x0000000082000000, 0x0000000082000000, 0x0000000082100000|  0%| F|  |TAMS 0x0000000082000000, 0x0000000082000000| Untracked 
|  33|0x0000000082100000, 0x0000000082100000, 0x0000000082200000|  0%| F|  |TAMS 0x0000000082100000, 0x0000000082100000| Untracked 
|  34|0x0000000082200000, 0x0000000082200000, 0x0000000082300000|  0%| F|  |TAMS 0x0000000082200000, 0x0000000082200000| Untracked 
|  35|0x0000000082300000, 0x0000000082300000, 0x0000000082400000|  0%| F|  |TAMS 0x0000000082300000, 0x0000000082300000| Untracked 
|  36|0x0000000082400000, 0x0000000082400000, 0x0000000082500000|  0%| F|  |TAMS 0x0000000082400000, 0x0000000082400000| Untracked 
|  37|0x0000000082500000, 0x0000000082500000, 0x0000000082600000|  0%| F|  |TAMS 0x0000000082500000, 0x0000000082500000| Untracked 
|  38|0x0000000082600000, 0x0000000082600000, 0x0000000082700000|  0%| F|  |TAMS 0x0000000082600000, 0x0000000082600000| Untracked 
|  39|0x0000000082700000, 0x0000000082700000, 0x0000000082800000|  0%| F|  |TAMS 0x0000000082700000, 0x0000000082700000| Untracked 
|  40|0x0000000082800000, 0x0000000082800000, 0x0000000082900000|  0%| F|  |TAMS 0x0000000082800000, 0x0000000082800000| Untracked 
|  41|0x0000000082900000, 0x0000000082900000, 0x0000000082a00000|  0%| F|  |TAMS 0x0000000082900000, 0x0000000082900000| Untracked 
|  42|0x0000000082a00000, 0x0000000082a00000, 0x0000000082b00000|  0%| F|  |TAMS 0x0000000082a00000, 0x0000000082a00000| Untracked 
|  43|0x0000000082b00000, 0x0000000082b00000, 0x0000000082c00000|  0%| F|  |TAMS 0x0000000082b00000, 0x0000000082b00000| Untracked 
|  44|0x0000000082c00000, 0x0000000082c00000, 0x0000000082d00000|  0%| F|  |TAMS 0x0000000082c00000, 0x0000000082c00000| Untracked 
|  45|0x0000000082d00000, 0x0000000082d00000, 0x0000000082e00000|  0%| F|  |TAMS 0x0000000082d00000, 0x0000000082d00000| Untracked 
|  46|0x0000000082e00000, 0x0000000082e00000, 0x0000000082f00000|  0%| F|  |TAMS 0x0000000082e00000, 0x0000000082e00000| Untracked 
|  47|0x0000000082f00000, 0x0000000082f00000, 0x0000000083000000|  0%| F|  |TAMS 0x0000000082f00000, 0x0000000082f00000| Untracked 
|  48|0x0000000083000000, 0x0000000083000000, 0x0000000083100000|  0%| F|  |TAMS 0x0000000083000000, 0x0000000083000000| Untracked 
|  49|0x0000000083100000, 0x0000000083100000, 0x0000000083200000|  0%| F|  |TAMS 0x0000000083100000, 0x0000000083100000| Untracked 
|  50|0x0000000083200000, 0x0000000083200000, 0x0000000083300000|  0%| F|  |TAMS 0x0000000083200000, 0x0000000083200000| Untracked 
|  51|0x0000000083300000, 0x0000000083300000, 0x0000000083400000|  0%| F|  |TAMS 0x0000000083300000, 0x0000000083300000| Untracked 
|  52|0x0000000083400000, 0x0000000083400000, 0x0000000083500000|  0%| F|  |TAMS 0x0000000083400000, 0x0000000083400000| Untracked 
|  53|0x0000000083500000, 0x0000000083500000, 0x0000000083600000|  0%| F|  |TAMS 0x0000000083500000, 0x0000000083500000| Untracked 
|  54|0x0000000083600000, 0x0000000083600000, 0x0000000083700000|  0%| F|  |TAMS 0x0000000083600000, 0x0000000083600000| Untracked 
|  55|0x0000000083700000, 0x0000000083700000, 0x0000000083800000|  0%| F|  |TAMS 0x0000000083700000, 0x0000000083700000| Untracked 
|  56|0x0000000083800000, 0x0000000083800000, 0x0000000083900000|  0%| F|  |TAMS 0x0000000083800000, 0x0000000083800000| Untracked 
|  57|0x0000000083900000, 0x0000000083900000, 0x0000000083a00000|  0%| F|  |TAMS 0x0000000083900000, 0x0000000083900000| Untracked 
|  58|0x0000000083a00000, 0x0000000083a00000, 0x0000000083b00000|  0%| F|  |TAMS 0x0000000083a00000, 0x0000000083a00000| Untracked 
|  59|0x0000000083b00000, 0x0000000083b00000, 0x0000000083c00000|  0%| F|  |TAMS 0x0000000083b00000, 0x0000000083b00000| Untracked 
|  60|0x0000000083c00000, 0x0000000083c00000, 0x0000000083d00000|  0%| F|  |TAMS 0x0000000083c00000, 0x0000000083c00000| Untracked 
|  61|0x0000000083d00000, 0x0000000083d00000, 0x0000000083e00000|  0%| F|  |TAMS 0x0000000083d00000, 0x0000000083d00000| Untracked 
|  62|0x0000000083e00000, 0x0000000083e00000, 0x0000000083f00000|  0%| F|  |TAMS 0x0000000083e00000, 0x0000000083e00000| Untracked 
|  63|0x0000000083f00000, 0x0000000083f00000, 0x0000000084000000|  0%| F|  |TAMS 0x0000000083f00000, 0x0000000083f00000| Untracked 
|  64|0x0000000084000000, 0x0000000084000000, 0x0000000084100000|  0%| F|  |TAMS 0x0000000084000000, 0x0000000084000000| Untracked 
|  65|0x0000000084100000, 0x0000000084100000, 0x0000000084200000|  0%| F|  |TAMS 0x0000000084100000, 0x0000000084100000| Untracked 
|  66|0x0000000084200000, 0x0000000084200000, 0x0000000084300000|  0%| F|  |TAMS 0x0000000084200000, 0x0000000084200000| Untracked 
|  67|0x0000000084300000, 0x0000000084300000, 0x0000000084400000|  0%| F|  |TAMS 0x0000000084300000, 0x0000000084300000| Untracked 
|  68|0x0000000084400000, 0x0000000084400000, 0x0000000084500000|  0%| F|  |TAMS 0x0000000084400000, 0x0000000084400000| Untracked 
|  69|0x0000000084500000, 0x0000000084500000, 0x0000000084600000|  0%| F|  |TAMS 0x0000000084500000, 0x0000000084500000| Untracked 
|  70|0x0000000084600000, 0x0000000084600000, 0x0000000084700000|  0%| F|  |TAMS 0x0000000084600000, 0x0000000084600000| Untracked 
|  71|0x0000000084700000, 0x0000000084700000, 0x0000000084800000|  0%| F|  |TAMS 0x0000000084700000, 0x0000000084700000| Untracked 
|  72|0x0000000084800000, 0x0000000084800000, 0x0000000084900000|  0%| F|  |TAMS 0x0000000084800000, 0x0000000084800000| Untracked 
|  73|0x0000000084900000, 0x0000000084900000, 0x0000000084a00000|  0%| F|  |TAMS 0x0000000084900000, 0x0000000084900000| Untracked 
|  74|0x0000000084a00000, 0x0000000084a00000, 0x0000000084b00000|  0%| F|  |TAMS 0x0000000084a00000, 0x0000000084a00000| Untracked 
|  75|0x0000000084b00000, 0x0000000084b00000, 0x0000000084c00000|  0%| F|  |TAMS 0x0000000084b00000, 0x0000000084b00000| Untracked 
|  76|0x0000000084c00000, 0x0000000084c00000, 0x0000000084d00000|  0%| F|  |TAMS 0x0000000084c00000, 0x0000000084c00000| Untracked 
|  77|0x0000000084d00000, 0x0000000084d00000, 0x0000000084e00000|  0%| F|  |TAMS 0x0000000084d00000, 0x0000000084d00000| Untracked 
|  78|0x0000000084e00000, 0x0000000084e00000, 0x0000000084f00000|  0%| F|  |TAMS 0x0000000084e00000, 0x0000000084e00000| Untracked 
|  79|0x0000000084f00000, 0x0000000084f00000, 0x0000000085000000|  0%| F|  |TAMS 0x0000000084f00000, 0x0000000084f00000| Untracked 
|  80|0x0000000085000000, 0x0000000085000000, 0x0000000085100000|  0%| F|  |TAMS 0x0000000085000000, 0x0000000085000000| Untracked 
|  81|0x0000000085100000, 0x0000000085100000, 0x0000000085200000|  0%| F|  |TAMS 0x0000000085100000, 0x0000000085100000| Untracked 
|  82|0x0000000085200000, 0x0000000085200000, 0x0000000085300000|  0%| F|  |TAMS 0x0000000085200000, 0x0000000085200000| Untracked 
|  83|0x0000000085300000, 0x0000000085300000, 0x0000000085400000|  0%| F|  |TAMS 0x0000000085300000, 0x0000000085300000| Untracked 
|  84|0x0000000085400000, 0x0000000085400000, 0x0000000085500000|  0%| F|  |TAMS 0x0000000085400000, 0x0000000085400000| Untracked 
|  85|0x0000000085500000, 0x0000000085500000, 0x0000000085600000|  0%| F|  |TAMS 0x0000000085500000, 0x0000000085500000| Untracked 
|  86|0x0000000085600000, 0x0000000085600000, 0x0000000085700000|  0%| F|  |TAMS 0x0000000085600000, 0x0000000085600000| Untracked 
|  87|0x0000000085700000, 0x0000000085700000, 0x0000000085800000|  0%| F|  |TAMS 0x0000000085700000, 0x0000000085700000| Untracked 
|  88|0x0000000085800000, 0x0000000085800000, 0x0000000085900000|  0%| F|  |TAMS 0x0000000085800000, 0x0000000085800000| Untracked 
|  89|0x0000000085900000, 0x0000000085900000, 0x0000000085a00000|  0%| F|  |TAMS 0x0000000085900000, 0x0000000085900000| Untracked 
|  90|0x0000000085a00000, 0x0000000085a00000, 0x0000000085b00000|  0%| F|  |TAMS 0x0000000085a00000, 0x0000000085a00000| Untracked 
|  91|0x0000000085b00000, 0x0000000085b00000, 0x0000000085c00000|  0%| F|  |TAMS 0x0000000085b00000, 0x0000000085b00000| Untracked 
|  92|0x0000000085c00000, 0x0000000085c00000, 0x0000000085d00000|  0%| F|  |TAMS 0x0000000085c00000, 0x0000000085c00000| Untracked 
|  93|0x0000000085d00000, 0x0000000085d00000, 0x0000000085e00000|  0%| F|  |TAMS 0x0000000085d00000, 0x0000000085d00000| Untracked 
|  94|0x0000000085e00000, 0x0000000085e00000, 0x0000000085f00000|  0%| F|  |TAMS 0x0000000085e00000, 0x0000000085e00000| Untracked 
|  95|0x0000000085f00000, 0x0000000085f00000, 0x0000000086000000|  0%| F|  |TAMS 0x0000000085f00000, 0x0000000085f00000| Untracked 
|  96|0x0000000086000000, 0x0000000086000000, 0x0000000086100000|  0%| F|  |TAMS 0x0000000086000000, 0x0000000086000000| Untracked 
|  97|0x0000000086100000, 0x0000000086100000, 0x0000000086200000|  0%| F|  |TAMS 0x0000000086100000, 0x0000000086100000| Untracked 
|  98|0x0000000086200000, 0x0000000086200000, 0x0000000086300000|  0%| F|  |TAMS 0x0000000086200000, 0x0000000086200000| Untracked 
|  99|0x0000000086300000, 0x0000000086300000, 0x0000000086400000|  0%| F|  |TAMS 0x0000000086300000, 0x0000000086300000| Untracked 
| 100|0x0000000086400000, 0x0000000086400000, 0x0000000086500000|  0%| F|  |TAMS 0x0000000086400000, 0x0000000086400000| Untracked 
| 101|0x0000000086500000, 0x0000000086500000, 0x0000000086600000|  0%| F|  |TAMS 0x0000000086500000, 0x0000000086500000| Untracked 
| 102|0x0000000086600000, 0x0000000086600000, 0x0000000086700000|  0%| F|  |TAMS 0x0000000086600000, 0x0000000086600000| Untracked 
| 103|0x0000000086700000, 0x0000000086700000, 0x0000000086800000|  0%| F|  |TAMS 0x0000000086700000, 0x0000000086700000| Untracked 
| 104|0x0000000086800000, 0x0000000086800000, 0x0000000086900000|  0%| F|  |TAMS 0x0000000086800000, 0x0000000086800000| Untracked 
| 105|0x0000000086900000, 0x0000000086900000, 0x0000000086a00000|  0%| F|  |TAMS 0x0000000086900000, 0x0000000086900000| Untracked 
| 106|0x0000000086a00000, 0x0000000086a00000, 0x0000000086b00000|  0%| F|  |TAMS 0x0000000086a00000, 0x0000000086a00000| Untracked 
| 107|0x0000000086b00000, 0x0000000086b00000, 0x0000000086c00000|  0%| F|  |TAMS 0x0000000086b00000, 0x0000000086b00000| Untracked 
| 108|0x0000000086c00000, 0x0000000086c00000, 0x0000000086d00000|  0%| F|  |TAMS 0x0000000086c00000, 0x0000000086c00000| Untracked 
| 109|0x0000000086d00000, 0x0000000086d00000, 0x0000000086e00000|  0%| F|  |TAMS 0x0000000086d00000, 0x0000000086d00000| Untracked 
| 110|0x0000000086e00000, 0x0000000086e00000, 0x0000000086f00000|  0%| F|  |TAMS 0x0000000086e00000, 0x0000000086e00000| Untracked 
| 111|0x0000000086f00000, 0x0000000086f00000, 0x0000000087000000|  0%| F|  |TAMS 0x0000000086f00000, 0x0000000086f00000| Untracked 
| 112|0x0000000087000000, 0x0000000087000000, 0x0000000087100000|  0%| F|  |TAMS 0x0000000087000000, 0x0000000087000000| Untracked 
| 113|0x0000000087100000, 0x0000000087100000, 0x0000000087200000|  0%| F|  |TAMS 0x0000000087100000, 0x0000000087100000| Untracked 
| 114|0x0000000087200000, 0x0000000087200000, 0x0000000087300000|  0%| F|  |TAMS 0x0000000087200000, 0x0000000087200000| Untracked 
| 115|0x0000000087300000, 0x0000000087300000, 0x0000000087400000|  0%| F|  |TAMS 0x0000000087300000, 0x0000000087300000| Untracked 
| 116|0x0000000087400000, 0x0000000087400000, 0x0000000087500000|  0%| F|  |TAMS 0x0000000087400000, 0x0000000087400000| Untracked 
| 117|0x0000000087500000, 0x0000000087500000, 0x0000000087600000|  0%| F|  |TAMS 0x0000000087500000, 0x0000000087500000| Untracked 
| 118|0x0000000087600000, 0x0000000087600000, 0x0000000087700000|  0%| F|  |TAMS 0x0000000087600000, 0x0000000087600000| Untracked 
| 119|0x0000000087700000, 0x0000000087700000, 0x0000000087800000|  0%| F|  |TAMS 0x0000000087700000, 0x0000000087700000| Untracked 
| 120|0x0000000087800000, 0x0000000087800000, 0x0000000087900000|  0%| F|  |TAMS 0x0000000087800000, 0x0000000087800000| Untracked 
| 121|0x0000000087900000, 0x0000000087900000, 0x0000000087a00000|  0%| F|  |TAMS 0x0000000087900000, 0x0000000087900000| Untracked 
| 122|0x0000000087a00000, 0x0000000087a00000, 0x0000000087b00000|  0%| F|  |TAMS 0x0000000087a00000, 0x0000000087a00000| Untracked 
| 123|0x0000000087b00000, 0x0000000087b00000, 0x0000000087c00000|  0%| F|  |TAMS 0x0000000087b00000, 0x0000000087b00000| Untracked 
| 124|0x0000000087c00000, 0x0000000087c00000, 0x0000000087d00000|  0%| F|  |TAMS 0x0000000087c00000, 0x0000000087c00000| Untracked 
| 125|0x0000000087d00000, 0x0000000087d00000, 0x0000000087e00000|  0%| F|  |TAMS 0x0000000087d00000, 0x0000000087d00000| Untracked 
| 126|0x0000000087e00000, 0x0000000087e00000, 0x0000000087f00000|  0%| F|  |TAMS 0x0000000087e00000, 0x0000000087e00000| Untracked 
| 127|0x0000000087f00000, 0x0000000087f00000, 0x0000000088000000|  0%| F|  |TAMS 0x0000000087f00000, 0x0000000087f00000| Untracked 
| 128|0x0000000088000000, 0x0000000088000000, 0x0000000088100000|  0%| F|  |TAMS 0x0000000088000000, 0x0000000088000000| Untracked 
| 129|0x0000000088100000, 0x0000000088100000, 0x0000000088200000|  0%| F|  |TAMS 0x0000000088100000, 0x0000000088100000| Untracked 
| 130|0x0000000088200000, 0x0000000088200000, 0x0000000088300000|  0%| F|  |TAMS 0x0000000088200000, 0x0000000088200000| Untracked 
| 131|0x0000000088300000, 0x0000000088300000, 0x0000000088400000|  0%| F|  |TAMS 0x0000000088300000, 0x0000000088300000| Untracked 
| 132|0x0000000088400000, 0x0000000088400000, 0x0000000088500000|  0%| F|  |TAMS 0x0000000088400000, 0x0000000088400000| Untracked 
| 133|0x0000000088500000, 0x0000000088500000, 0x0000000088600000|  0%| F|  |TAMS 0x0000000088500000, 0x0000000088500000| Untracked 
| 134|0x0000000088600000, 0x0000000088600000, 0x0000000088700000|  0%| F|  |TAMS 0x0000000088600000, 0x0000000088600000| Untracked 
| 135|0x0000000088700000, 0x0000000088700000, 0x0000000088800000|  0%| F|  |TAMS 0x0000000088700000, 0x0000000088700000| Untracked 
| 136|0x0000000088800000, 0x0000000088800000, 0x0000000088900000|  0%| F|  |TAMS 0x0000000088800000, 0x0000000088800000| Untracked 
| 137|0x0000000088900000, 0x0000000088900000, 0x0000000088a00000|  0%| F|  |TAMS 0x0000000088900000, 0x0000000088900000| Untracked 
| 138|0x0000000088a00000, 0x0000000088a00000, 0x0000000088b00000|  0%| F|  |TAMS 0x0000000088a00000, 0x0000000088a00000| Untracked 
| 139|0x0000000088b00000, 0x0000000088b00000, 0x0000000088c00000|  0%| F|  |TAMS 0x0000000088b00000, 0x0000000088b00000| Untracked 
| 140|0x0000000088c00000, 0x0000000088c00000, 0x0000000088d00000|  0%| F|  |TAMS 0x0000000088c00000, 0x0000000088c00000| Untracked 
| 141|0x0000000088d00000, 0x0000000088d00000, 0x0000000088e00000|  0%| F|  |TAMS 0x0000000088d00000, 0x0000000088d00000| Untracked 
| 142|0x0000000088e00000, 0x0000000088e00000, 0x0000000088f00000|  0%| F|  |TAMS 0x0000000088e00000, 0x0000000088e00000| Untracked 
| 143|0x0000000088f00000, 0x0000000088f00000, 0x0000000089000000|  0%| F|  |TAMS 0x0000000088f00000, 0x0000000088f00000| Untracked 
| 144|0x0000000089000000, 0x0000000089000000, 0x0000000089100000|  0%| F|  |TAMS 0x0000000089000000, 0x0000000089000000| Untracked 
| 145|0x0000000089100000, 0x0000000089100000, 0x0000000089200000|  0%| F|  |TAMS 0x0000000089100000, 0x0000000089100000| Untracked 
| 146|0x0000000089200000, 0x0000000089200000, 0x0000000089300000|  0%| F|  |TAMS 0x0000000089200000, 0x0000000089200000| Untracked 
| 147|0x0000000089300000, 0x0000000089300000, 0x0000000089400000|  0%| F|  |TAMS 0x0000000089300000, 0x0000000089300000| Untracked 
| 148|0x0000000089400000, 0x0000000089400000, 0x0000000089500000|  0%| F|  |TAMS 0x0000000089400000, 0x0000000089400000| Untracked 
| 149|0x0000000089500000, 0x0000000089500000, 0x0000000089600000|  0%| F|  |TAMS 0x0000000089500000, 0x0000000089500000| Untracked 
| 150|0x0000000089600000, 0x0000000089600000, 0x0000000089700000|  0%| F|  |TAMS 0x0000000089600000, 0x0000000089600000| Untracked 
| 151|0x0000000089700000, 0x0000000089700000, 0x0000000089800000|  0%| F|  |TAMS 0x0000000089700000, 0x0000000089700000| Untracked 
| 152|0x0000000089800000, 0x0000000089800000, 0x0000000089900000|  0%| F|  |TAMS 0x0000000089800000, 0x0000000089800000| Untracked 
| 153|0x0000000089900000, 0x0000000089900000, 0x0000000089a00000|  0%| F|  |TAMS 0x0000000089900000, 0x0000000089900000| Untracked 
| 154|0x0000000089a00000, 0x0000000089a00000, 0x0000000089b00000|  0%| F|  |TAMS 0x0000000089a00000, 0x0000000089a00000| Untracked 
| 155|0x0000000089b00000, 0x0000000089b00000, 0x0000000089c00000|  0%| F|  |TAMS 0x0000000089b00000, 0x0000000089b00000| Untracked 
| 156|0x0000000089c00000, 0x0000000089d00000, 0x0000000089d00000|100%| E|  |TAMS 0x0000000089c00000, 0x0000000089c00000| Complete 
| 157|0x0000000089d00000, 0x0000000089e00000, 0x0000000089e00000|100%| E|CS|TAMS 0x0000000089d00000, 0x0000000089d00000| Complete 
| 158|0x0000000089e00000, 0x0000000089f00000, 0x0000000089f00000|100%| S|CS|TAMS 0x0000000089e00000, 0x0000000089e00000| Complete 
| 159|0x0000000089f00000, 0x000000008a000000, 0x000000008a000000|100%| S|CS|TAMS 0x0000000089f00000, 0x0000000089f00000| Complete 
| 160|0x000000008a000000, 0x000000008a100000, 0x000000008a100000|100%| S|CS|TAMS 0x000000008a000000, 0x000000008a000000| Complete 
| 161|0x000000008a100000, 0x000000008a200000, 0x000000008a200000|100%| S|CS|TAMS 0x000000008a100000, 0x000000008a100000| Complete 
| 162|0x000000008a200000, 0x000000008a300000, 0x000000008a300000|100%| E|CS|TAMS 0x000000008a200000, 0x000000008a200000| Complete 
| 163|0x000000008a300000, 0x000000008a400000, 0x000000008a400000|100%| E|CS|TAMS 0x000000008a300000, 0x000000008a300000| Complete 
| 164|0x000000008a400000, 0x000000008a500000, 0x000000008a500000|100%| E|CS|TAMS 0x000000008a400000, 0x000000008a400000| Complete 
| 165|0x000000008a500000, 0x000000008a600000, 0x000000008a600000|100%| E|CS|TAMS 0x000000008a500000, 0x000000008a500000| Complete 
| 166|0x000000008a600000, 0x000000008a700000, 0x000000008a700000|100%| E|CS|TAMS 0x000000008a600000, 0x000000008a600000| Complete 
| 167|0x000000008a700000, 0x000000008a800000, 0x000000008a800000|100%| E|CS|TAMS 0x000000008a700000, 0x000000008a700000| Complete 
| 168|0x000000008a800000, 0x000000008a900000, 0x000000008a900000|100%| E|CS|TAMS 0x000000008a800000, 0x000000008a800000| Complete 
| 169|0x000000008a900000, 0x000000008aa00000, 0x000000008aa00000|100%| E|CS|TAMS 0x000000008a900000, 0x000000008a900000| Complete 
| 170|0x000000008aa00000, 0x000000008ab00000, 0x000000008ab00000|100%| E|CS|TAMS 0x000000008aa00000, 0x000000008aa00000| Complete 
| 171|0x000000008ab00000, 0x000000008ac00000, 0x000000008ac00000|100%| E|CS|TAMS 0x000000008ab00000, 0x000000008ab00000| Complete 
| 172|0x000000008ac00000, 0x000000008ad00000, 0x000000008ad00000|100%| E|CS|TAMS 0x000000008ac00000, 0x000000008ac00000| Complete 
| 173|0x000000008ad00000, 0x000000008ae00000, 0x000000008ae00000|100%| E|CS|TAMS 0x000000008ad00000, 0x000000008ad00000| Complete 
| 174|0x000000008ae00000, 0x000000008af00000, 0x000000008af00000|100%| E|CS|TAMS 0x000000008ae00000, 0x000000008ae00000| Complete 
| 175|0x000000008af00000, 0x000000008b000000, 0x000000008b000000|100%| E|CS|TAMS 0x000000008af00000, 0x000000008af00000| Complete 
| 176|0x000000008b000000, 0x000000008b100000, 0x000000008b100000|100%| E|CS|TAMS 0x000000008b000000, 0x000000008b000000| Complete 
| 177|0x000000008b100000, 0x000000008b200000, 0x000000008b200000|100%| E|CS|TAMS 0x000000008b100000, 0x000000008b100000| Complete 
| 178|0x000000008b200000, 0x000000008b300000, 0x000000008b300000|100%| E|CS|TAMS 0x000000008b200000, 0x000000008b200000| Complete 
| 179|0x000000008b300000, 0x000000008b400000, 0x000000008b400000|100%| E|CS|TAMS 0x000000008b300000, 0x000000008b300000| Complete 
| 180|0x000000008b400000, 0x000000008b500000, 0x000000008b500000|100%| E|CS|TAMS 0x000000008b400000, 0x000000008b400000| Complete 
| 181|0x000000008b500000, 0x000000008b600000, 0x000000008b600000|100%| E|CS|TAMS 0x000000008b500000, 0x000000008b500000| Complete 
| 182|0x000000008b600000, 0x000000008b700000, 0x000000008b700000|100%| E|CS|TAMS 0x000000008b600000, 0x000000008b600000| Complete 
| 183|0x000000008b700000, 0x000000008b800000, 0x000000008b800000|100%| E|CS|TAMS 0x000000008b700000, 0x000000008b700000| Complete 
| 184|0x000000008b800000, 0x000000008b900000, 0x000000008b900000|100%| E|CS|TAMS 0x000000008b800000, 0x000000008b800000| Complete 
| 185|0x000000008b900000, 0x000000008ba00000, 0x000000008ba00000|100%| E|CS|TAMS 0x000000008b900000, 0x000000008b900000| Complete 
| 186|0x000000008ba00000, 0x000000008bb00000, 0x000000008bb00000|100%| E|CS|TAMS 0x000000008ba00000, 0x000000008ba00000| Complete 
| 187|0x000000008bb00000, 0x000000008bc00000, 0x000000008bc00000|100%| E|CS|TAMS 0x000000008bb00000, 0x000000008bb00000| Complete 
| 188|0x000000008bc00000, 0x000000008bd00000, 0x000000008bd00000|100%| E|CS|TAMS 0x000000008bc00000, 0x000000008bc00000| Complete 
| 189|0x000000008bd00000, 0x000000008be00000, 0x000000008be00000|100%| E|CS|TAMS 0x000000008bd00000, 0x000000008bd00000| Complete 
| 190|0x000000008be00000, 0x000000008bf00000, 0x000000008bf00000|100%| E|CS|TAMS 0x000000008be00000, 0x000000008be00000| Complete 
| 191|0x000000008bf00000, 0x000000008c000000, 0x000000008c000000|100%| E|CS|TAMS 0x000000008bf00000, 0x000000008bf00000| Complete 

Card table byte_map: [0x00000248b8690000,0x00000248b8a90000] _byte_map_base: 0x00000248b8290000

Marking Bits (Prev, Next): (CMBitMap*) 0x00000248a57ab448, (CMBitMap*) 0x00000248a57ab480
 Prev Bits: [0x00000248b8e90000, 0x00000248bae90000)
 Next Bits: [0x00000248bae90000, 0x00000248bce90000)

Polling page: 0x00000248a4f40000

Metaspace:

Usage:
  Non-class:     15.19 MB capacity,    15.00 MB ( 99%) used,   175.34 KB (  1%) free+waste,    27.81 KB ( <1%) overhead. 
      Class:      2.08 MB capacity,     1.95 MB ( 93%) used,   128.73 KB (  6%) free+waste,    13.44 KB ( <1%) overhead. 
       Both:     17.28 MB capacity,    16.94 MB ( 98%) used,   304.07 KB (  2%) free+waste,    41.25 KB ( <1%) overhead. 

Virtual space:
  Non-class space:       16.00 MB reserved,      15.25 MB ( 95%) committed 
      Class space:        1.00 GB reserved,       2.12 MB ( <1%) committed 
             Both:        1.02 GB reserved,      17.38 MB (  2%) committed 

Chunk freelists:
   Non-Class:  57.00 KB
       Class:  9.00 KB
        Both:  66.00 KB

MaxMetaspaceSize: 17179869184.00 GB
CompressedClassSpaceSize: 1.00 GB
Initial GC threshold: 20.80 MB
Current GC threshold: 20.80 MB
CDS: off

CodeHeap 'non-profiled nmethods': size=120064Kb used=854Kb max_used=854Kb free=119209Kb
 bounds [0x00000248b0d50000, 0x00000248b0fc0000, 0x00000248b8290000]
CodeHeap 'profiled nmethods': size=120000Kb used=3598Kb max_used=3598Kb free=116401Kb
 bounds [0x00000248a9820000, 0x00000248a9bb0000, 0x00000248b0d50000]
CodeHeap 'non-nmethods': size=5696Kb used=1188Kb max_used=1213Kb free=4507Kb
 bounds [0x00000248a9290000, 0x00000248a9500000, 0x00000248a9820000]
 total_blobs=2173 nmethods=1713 adapters=373
 compilation: enabled
              stopped_count=0, restarted_count=0
 full_count=0

Compilation events (20 events):
Event: 4.542 Thread 0x00000248bfc24800 nmethod 1711 0x00000248a9ba1490 code [0x00000248a9ba1640, 0x00000248a9ba1738]
Event: 4.542 Thread 0x00000248c1efe000 1712   !   4       java.util.concurrent.ConcurrentHashMap::transfer (828 bytes)
Event: 4.548 Thread 0x00000248bfc20000 1713       4       java.util.ArrayList$Itr::hasNext (20 bytes)
Event: 4.548 Thread 0x00000248bfc24800 1714  s    3       org.gradle.internal.concurrent.CompositeStoppable::add (16 bytes)
Event: 4.549 Thread 0x00000248bfc24800 nmethod 1714 0x00000248a9ba1810 code [0x00000248a9ba19e0, 0x00000248a9ba1d58]
Event: 4.549 Thread 0x00000248bfc24800 1715       3       org.gradle.internal.concurrent.CompositeStoppable::toStoppable (37 bytes)
Event: 4.549 Thread 0x00000248bfc20000 nmethod 1713 0x00000248b0e25110 code [0x00000248b0e252a0, 0x00000248b0e25338]
Event: 4.549 Thread 0x00000248bfc24800 nmethod 1715 0x00000248a9ba1e90 code [0x00000248a9ba2080, 0x00000248a9ba2688]
Event: 4.549 Thread 0x00000248bfc24800 1716       3       java.util.concurrent.ConcurrentLinkedQueue::<init> (21 bytes)
Event: 4.550 Thread 0x00000248bfc24800 nmethod 1716 0x00000248a9ba2790 code [0x00000248a9ba2960, 0x00000248a9ba2d58]
Event: 4.550 Thread 0x00000248bfc24800 1718       3       java.util.concurrent.ConcurrentHashMap::<init> (5 bytes)
Event: 4.550 Thread 0x00000248bfc24800 nmethod 1718 0x00000248a9ba2f10 code [0x00000248a9ba30c0, 0x00000248a9ba3278]
Event: 4.550 Thread 0x00000248bfc24800 1717       3       java.lang.invoke.BoundMethodHandle::<init> (32 bytes)
Event: 4.550 Thread 0x00000248bfc24800 nmethod 1717 0x00000248a9ba3390 code [0x00000248a9ba3540, 0x00000248a9ba3688]
Event: 4.551 Thread 0x00000248bfc24800 1720       3       jdk.internal.reflect.MagicAccessorImpl::<init> (5 bytes)
Event: 4.551 Thread 0x00000248bfc24800 nmethod 1720 0x00000248a9ba3710 code [0x00000248a9ba38c0, 0x00000248a9ba3a18]
Event: 4.551 Thread 0x00000248bfc20000 1721       4       jdk.internal.org.objectweb.asm.Item::set (219 bytes)
Event: 4.556 Thread 0x00000248bfc24800 1723       1       java.util.concurrent.locks.AbstractOwnableSynchronizer::getExclusiveOwnerThread (5 bytes)
Event: 4.556 Thread 0x00000248bfc24800 nmethod 1723 0x00000248b0e25710 code [0x00000248b0e258c0, 0x00000248b0e25978]
Event: 4.558 Thread 0x00000248bfc24800 1724       3       java.util.regex.Pattern::sequence (645 bytes)

GC Heap History (6 events):
Event: 1.346 GC heap before
{Heap before GC invocations=0 (full 0):
 garbage-first heap   total 196608K, used 16384K [0x0000000080000000, 0x0000000100000000)
  region size 1024K, 14 young (14336K), 0 survivors (0K)
 Metaspace       used 6755K, capacity 6993K, committed 7168K, reserved 1056768K
  class space    used 571K, capacity 650K, committed 768K, reserved 1048576K
}
Event: 1.356 GC heap after
{Heap after GC invocations=1 (full 0):
 garbage-first heap   total 196608K, used 4505K [0x0000000080000000, 0x0000000100000000)
  region size 1024K, 2 young (2048K), 2 survivors (2048K)
 Metaspace       used 6755K, capacity 6993K, committed 7168K, reserved 1056768K
  class space    used 571K, capacity 650K, committed 768K, reserved 1048576K
}
Event: 2.008 GC heap before
{Heap before GC invocations=1 (full 0):
 garbage-first heap   total 196608K, used 19865K [0x0000000080000000, 0x0000000100000000)
  region size 1024K, 14 young (14336K), 2 survivors (2048K)
 Metaspace       used 10287K, capacity 10499K, committed 10624K, reserved 1058816K
  class space    used 1054K, capacity 1141K, committed 1152K, reserved 1048576K
}
Event: 2.014 GC heap after
{Heap after GC invocations=2 (full 0):
 garbage-first heap   total 196608K, used 9889K [0x0000000080000000, 0x0000000100000000)
  region size 1024K, 2 young (2048K), 2 survivors (2048K)
 Metaspace       used 10287K, capacity 10499K, committed 10624K, reserved 1058816K
  class space    used 1054K, capacity 1141K, committed 1152K, reserved 1048576K
}
Event: 2.809 GC heap before
{Heap before GC invocations=2 (full 0):
 garbage-first heap   total 196608K, used 38561K [0x0000000080000000, 0x0000000100000000)
  region size 1024K, 30 young (30720K), 2 survivors (2048K)
 Metaspace       used 11303K, capacity 11518K, committed 11776K, reserved 1060864K
  class space    used 1155K, capacity 1246K, committed 1280K, reserved 1048576K
}
Event: 2.814 GC heap after
{Heap after GC invocations=3 (full 0):
 garbage-first heap   total 196608K, used 13312K [0x0000000080000000, 0x0000000100000000)
  region size 1024K, 4 young (4096K), 4 survivors (4096K)
 Metaspace       used 11303K, capacity 11518K, committed 11776K, reserved 1060864K
  class space    used 1155K, capacity 1246K, committed 1280K, reserved 1048576K
}

Deoptimization events (20 events):
Event: 4.318 Thread 0x00000248a5769000 Uncommon trap: trap_request=0xffffffc6 fr.pc=0x00000248b0dcda54 relative=0x0000000000000114
Event: 4.318 Thread 0x00000248a5769000 Uncommon trap: reason=bimorphic_or_optimized_type_check action=maybe_recompile pc=0x00000248b0dcda54 method=java.util.AbstractList$Itr.next()Ljava/lang/Object; @ 14 c2
Event: 4.318 Thread 0x00000248a5769000 DEOPT PACKING pc=0x00000248b0dcda54 sp=0x0000007b0f8fd930
Event: 4.318 Thread 0x00000248a5769000 DEOPT UNPACKING pc=0x00000248a92da1af sp=0x0000007b0f8fd8c8 mode 2
Event: 4.401 Thread 0x00000248c2077000 Uncommon trap: trap_request=0xffffffc6 fr.pc=0x00000248b0dcd6a4 relative=0x0000000000000084
Event: 4.401 Thread 0x00000248c2077000 Uncommon trap: reason=bimorphic_or_optimized_type_check action=maybe_recompile pc=0x00000248b0dcd6a4 method=java.util.AbstractList$Itr.hasNext()Z @ 8 c2
Event: 4.401 Thread 0x00000248c2077000 DEOPT PACKING pc=0x00000248b0dcd6a4 sp=0x0000007b109fe730
Event: 4.401 Thread 0x00000248c2077000 DEOPT UNPACKING pc=0x00000248a92da1af sp=0x0000007b109fe6c8 mode 2
Event: 4.401 Thread 0x00000248c2077000 Uncommon trap: trap_request=0xffffffc6 fr.pc=0x00000248b0dcda54 relative=0x0000000000000114
Event: 4.401 Thread 0x00000248c2077000 Uncommon trap: reason=bimorphic_or_optimized_type_check action=maybe_recompile pc=0x00000248b0dcda54 method=java.util.AbstractList$Itr.next()Ljava/lang/Object; @ 14 c2
Event: 4.401 Thread 0x00000248c2077000 DEOPT PACKING pc=0x00000248b0dcda54 sp=0x0000007b109fe720
Event: 4.401 Thread 0x00000248c2077000 DEOPT UNPACKING pc=0x00000248a92da1af sp=0x0000007b109fe6b8 mode 2
Event: 4.489 Thread 0x00000248c2161800 Uncommon trap: trap_request=0xffffffc6 fr.pc=0x00000248b0df96b4 relative=0x0000000000000d14
Event: 4.489 Thread 0x00000248c2161800 Uncommon trap: reason=bimorphic_or_optimized_type_check action=maybe_recompile pc=0x00000248b0df96b4 method=java.util.HashMap.putVal(ILjava/lang/Object;Ljava/lang/Object;ZZ)Ljava/lang/Object; @ 253 c2
Event: 4.489 Thread 0x00000248c2161800 DEOPT PACKING pc=0x00000248b0df96b4 sp=0x0000007b112fe850
Event: 4.489 Thread 0x00000248c2161800 DEOPT UNPACKING pc=0x00000248a92da1af sp=0x0000007b112fe788 mode 2
Event: 4.490 Thread 0x00000248c2161800 Uncommon trap: trap_request=0xffffffc6 fr.pc=0x00000248b0df96b4 relative=0x0000000000000d14
Event: 4.490 Thread 0x00000248c2161800 Uncommon trap: reason=bimorphic_or_optimized_type_check action=maybe_recompile pc=0x00000248b0df96b4 method=java.util.HashMap.putVal(ILjava/lang/Object;Ljava/lang/Object;ZZ)Ljava/lang/Object; @ 253 c2
Event: 4.490 Thread 0x00000248c2161800 DEOPT PACKING pc=0x00000248b0df96b4 sp=0x0000007b112fe940
Event: 4.490 Thread 0x00000248c2161800 DEOPT UNPACKING pc=0x00000248a92da1af sp=0x0000007b112fe878 mode 2

Classes redefined (0 events):
No events

Internal exceptions (13 events):
Event: 0.405 Thread 0x00000248a5769000 Exception <a 'java/lang/NoSuchMethodError'{0x000000008bd131c0}: 'int java.lang.invoke.DirectMethodHandle$Holder.invokeStaticInit(java.lang.Object, java.lang.Object)'> (0x000000008bd131c0) thrown at [src/hotspot/share/interpreter/linkResolver.cpp, line 773]
Event: 0.498 Thread 0x00000248a5769000 Exception <a 'java/lang/NoSuchMethodError'{0x000000008bde2230}: 'int java.lang.invoke.DirectMethodHandle$Holder.invokeSpecial(java.lang.Object, java.lang.Object, java.lang.Object, java.lang.Object)'> (0x000000008bde2230) thrown at [src/hotspot/share/interpreter/linkResolver.cpp, line 773]
Event: 0.518 Thread 0x00000248a5769000 Exception <a 'java/lang/NoSuchMethodError'{0x000000008bc1a4f8}: 'int java.lang.invoke.DirectMethodHandle$Holder.invokeSpecialIFC(java.lang.Object, java.lang.Object, int)'> (0x000000008bc1a4f8) thrown at [src/hotspot/share/interpreter/linkResolver.cpp, line 773]
Event: 1.410 Thread 0x00000248a5769000 Exception <a 'java/lang/NoClassDefFoundError'{0x000000008beed848}: org/slf4j/impl/StaticMarkerBinder> (0x000000008beed848) thrown at [src/hotspot/share/classfile/systemDictionary.cpp, line 219]
Event: 1.567 Thread 0x00000248a5769000 Exception <a 'java/lang/NoSuchMethodError'{0x000000008ba2f168}: 'java.lang.Object java.lang.invoke.DirectMethodHandle$Holder.invokeVirtual(java.lang.Object, java.lang.Object, java.lang.Object, java.lang.Object, java.lang.Object, java.lang.Object, java.lang.Object)'> (0x000000008ba2f168) thrown at [src/hotspot/share/interpreter/linkResolver.cpp, line 773]
Event: 1.584 Thread 0x00000248a5769000 Exception <a 'java/lang/NoSuchMethodError'{0x000000008ba43bc0}: 'java.lang.Object java.lang.invoke.Invokers$Holder.invoker(java.lang.Object, java.lang.Object, java.lang.Object)'> (0x000000008ba43bc0) thrown at [src/hotspot/share/interpreter/linkResolver.cpp, line 773]
Event: 1.597 Thread 0x00000248a5769000 Exception <a 'java/lang/NoSuchMethodError'{0x000000008ba54c38}: 'void java.lang.invoke.DelegatingMethodHandle$Holder.delegate(java.lang.Object, java.lang.Object, int, java.lang.Object)'> (0x000000008ba54c38) thrown at [src/hotspot/share/interpreter/linkResolver.cpp, line 773]
Event: 2.821 Thread 0x00000248a5769000 Exception <a 'java/security/PrivilegedActionException'{0x000000008bf45518}> (0x000000008bf45518) thrown at [src/hotspot/share/prims/jvm.cpp, line 1306]
Event: 2.821 Thread 0x00000248a5769000 Exception <a 'java/security/PrivilegedActionException'{0x000000008bf45a90}> (0x000000008bf45a90) thrown at [src/hotspot/share/prims/jvm.cpp, line 1306]
Event: 3.281 Thread 0x00000248a5769000 Exception <a 'java/lang/NoSuchMethodError'{0x000000008ae5bc00}: 'java.lang.Object java.lang.invoke.DirectMethodHandle$Holder.invokeStaticInit(java.lang.Object, java.lang.Object, java.lang.Object)'> (0x000000008ae5bc00) thrown at [src/hotspot/share/interpreter/linkResolver.cpp, line 773]
Event: 3.578 Thread 0x00000248a5769000 Exception <a 'java/lang/NoSuchMethodError'{0x000000008a8dc5b8}: 'java.lang.Object java.lang.invoke.DirectMethodHandle$Holder.invokeStaticInit(java.lang.Object, int, int, int, int)'> (0x000000008a8dc5b8) thrown at [src/hotspot/share/interpreter/linkResolver.cpp, line 773]
Event: 3.902 Thread 0x00000248a5769000 Exception <a 'java/lang/NoSuchMethodError'{0x000000008a8f28a0}: 'java.lang.Object java.lang.invoke.DirectMethodHandle$Holder.invokeStaticInit(java.lang.Object, java.lang.Object, int, int, int, int)'> (0x000000008a8f28a0) thrown at [src/hotspot/share/interpreter/linkResolver.cpp, line 773]
Event: 4.368 Thread 0x00000248a5769000 Exception <a 'java/io/IOException'{0x000000008a6c2718}> (0x000000008a6c2718) thrown at [src/hotspot/share/prims/jni.cpp, line 617]

Events (20 events):
Event: 4.554 loading class org/gradle/internal/logging/services/ProgressLoggingBridge done
Event: 4.555 loading class org/gradle/cache/internal/DefaultCacheFactory
Event: 4.555 loading class org/gradle/cache/internal/DefaultCacheFactory done
Event: 4.555 loading class org/gradle/cache/internal/ReferencablePersistentCache
Event: 4.555 loading class org/gradle/cache/internal/ReferencablePersistentCache done
Event: 4.555 loading class org/gradle/cache/PersistentCache
Event: 4.555 loading class org/gradle/cache/PersistentCache done
Event: 4.556 loading class org/gradle/cache/CacheAccess
Event: 4.556 loading class org/gradle/cache/CacheAccess done
Event: 4.556 loading class org/gradle/cache/CleanableStore
Event: 4.556 loading class org/gradle/cache/CleanableStore done
Event: 4.556 loading class org/gradle/cache/internal/DefaultCacheRepository
Event: 4.556 loading class org/gradle/cache/internal/DefaultCacheRepository done
Event: 4.557 loading class org/gradle/cache/CacheBuilder
Event: 4.557 loading class org/gradle/cache/CacheBuilder done
Event: 4.557 loading class org/gradle/cache/internal/scopes/DefaultCacheScopeMapping
Event: 4.557 loading class org/gradle/cache/internal/scopes/DefaultCacheScopeMapping done
Event: 4.558 loading class org/gradle/internal/file/impl/DefaultDeleter
Event: 4.558 loading class org/gradle/internal/file/impl/DefaultDeleter done
Event: 4.559 Executing VM operation: RevokeBias


Dynamic libraries:
0x00007ff6fa150000 - 0x00007ff6fa15a000 	C:\Program Files\Android\Android Studio\jbr\bin\java.exe
0x00007ff8b0970000 - 0x00007ff8b0b68000 	C:\WINDOWS\SYSTEM32\ntdll.dll
0x00007ff8af780000 - 0x00007ff8af83d000 	C:\WINDOWS\System32\KERNEL32.DLL
0x00007ff8ae390000 - 0x00007ff8ae686000 	C:\WINDOWS\System32\KERNELBASE.dll
0x00007ff8ae290000 - 0x00007ff8ae390000 	C:\WINDOWS\System32\ucrtbase.dll
0x00007ff8a7370000 - 0x00007ff8a738b000 	C:\Program Files\Android\Android Studio\jbr\bin\VCRUNTIME140.dll
0x00007ff8aabd0000 - 0x00007ff8aabe7000 	C:\Program Files\Android\Android Studio\jbr\bin\jli.dll
0x00007ff8af5e0000 - 0x00007ff8af77f000 	C:\WINDOWS\System32\USER32.dll
0x00007ff8ae180000 - 0x00007ff8ae1a2000 	C:\WINDOWS\System32\win32u.dll
0x00007ff8b0440000 - 0x00007ff8b046b000 	C:\WINDOWS\System32\GDI32.dll
0x00007ff8ae880000 - 0x00007ff8ae997000 	C:\WINDOWS\System32\gdi32full.dll
0x00007ff8ad390000 - 0x00007ff8ad62a000 	C:\WINDOWS\WinSxS\amd64_microsoft.windows.common-controls_6595b64144ccf1df_6.0.19041.3636_none_60b6a03d71f818d5\COMCTL32.dll
0x00007ff8ae700000 - 0x00007ff8ae79d000 	C:\WINDOWS\System32\msvcp_win.dll
0x00007ff8aeee0000 - 0x00007ff8aef7e000 	C:\WINDOWS\System32\msvcrt.dll
0x00007ff8b08f0000 - 0x00007ff8b0922000 	C:\WINDOWS\System32\IMM32.DLL
0x00007ff8aab40000 - 0x00007ff8aabcd000 	C:\Program Files\Android\Android Studio\jbr\bin\msvcp140.dll
0x00007ff8a7360000 - 0x00007ff8a736c000 	C:\Program Files\Java\jdk-17\bin\VCRUNTIME140_1.dll
0x00007ff880800000 - 0x00007ff8813bc000 	C:\Program Files\Android\Android Studio\jbr\bin\server\jvm.dll
0x00007ff8b0170000 - 0x00007ff8b0220000 	C:\WINDOWS\System32\ADVAPI32.dll
0x00007ff8af540000 - 0x00007ff8af5e0000 	C:\WINDOWS\System32\sechost.dll
0x00007ff8af410000 - 0x00007ff8af533000 	C:\WINDOWS\System32\RPCRT4.dll
0x00007ff8ae850000 - 0x00007ff8ae877000 	C:\WINDOWS\System32\bcrypt.dll
0x00007ff8b03d0000 - 0x00007ff8b03d8000 	C:\WINDOWS\System32\PSAPI.DLL
0x00007ff89b7f0000 - 0x00007ff89b7fa000 	C:\WINDOWS\SYSTEM32\VERSION.dll
0x00007ff8a7390000 - 0x00007ff8a7399000 	C:\WINDOWS\SYSTEM32\WSOCK32.dll
0x00007ff8976a0000 - 0x00007ff8976c7000 	C:\WINDOWS\SYSTEM32\WINMM.dll
0x00007ff8af3a0000 - 0x00007ff8af40b000 	C:\WINDOWS\System32\WS2_32.dll
0x00007ff8ac1d0000 - 0x00007ff8ac1e2000 	C:\WINDOWS\SYSTEM32\kernel.appcore.dll
0x00007ff8a7350000 - 0x00007ff8a7360000 	C:\Program Files\Android\Android Studio\jbr\bin\verify.dll
0x00007ff8ad930000 - 0x00007ff8adb14000 	C:\WINDOWS\SYSTEM32\DBGHELP.DLL
0x00007ff8ad740000 - 0x00007ff8ad774000 	C:\WINDOWS\SYSTEM32\dbgcore.DLL
0x00007ff8ae1b0000 - 0x00007ff8ae232000 	C:\WINDOWS\System32\bcryptPrimitives.dll
0x00007ff8a7320000 - 0x00007ff8a7348000 	C:\Program Files\Android\Android Studio\jbr\bin\java.dll
0x00007ff8a7310000 - 0x00007ff8a731a000 	C:\Program Files\Android\Android Studio\jbr\bin\jimage.dll
0x00007ff8a72f0000 - 0x00007ff8a7308000 	C:\Program Files\Android\Android Studio\jbr\bin\zip.dll
0x00007ff8afa00000 - 0x00007ff8b016b000 	C:\WINDOWS\System32\SHELL32.dll
0x00007ff8ab000000 - 0x00007ff8ab79e000 	C:\WINDOWS\SYSTEM32\windows.storage.dll
0x00007ff8ae9a0000 - 0x00007ff8aecf3000 	C:\WINDOWS\System32\combase.dll
0x00007ff8ad2f0000 - 0x00007ff8ad31e000 	C:\WINDOWS\SYSTEM32\Wldp.dll
0x00007ff8aef80000 - 0x00007ff8af04d000 	C:\WINDOWS\System32\OLEAUT32.dll
0x00007ff8af260000 - 0x00007ff8af30d000 	C:\WINDOWS\System32\SHCORE.dll
0x00007ff8aed60000 - 0x00007ff8aedb5000 	C:\WINDOWS\System32\shlwapi.dll
0x00007ff8adf50000 - 0x00007ff8adf73000 	C:\WINDOWS\SYSTEM32\profapi.dll
0x00007ff8a72a0000 - 0x00007ff8a72b9000 	C:\Program Files\Android\Android Studio\jbr\bin\net.dll
0x00007ff8a6920000 - 0x00007ff8a6a2a000 	C:\WINDOWS\SYSTEM32\WINHTTP.dll
0x00007ff8ad1f0000 - 0x00007ff8ad25a000 	C:\WINDOWS\system32\mswsock.dll
0x00007ff8a6f70000 - 0x00007ff8a6f83000 	C:\Program Files\Android\Android Studio\jbr\bin\nio.dll
0x00007ff852fb0000 - 0x00007ff852fd7000 	C:\Users\pc\.gradle\native\e1d6ef7f7dcc3fd88c89a11ec53ec762bb8ba0a96d01ffa2cd45eb1d1d8dd5c5\windows-amd64\native-platform.dll
0x00007ff889c30000 - 0x00007ff889d74000 	C:\Users\pc\.gradle\native\0d407fdbe67a94daf76414ababcb853783967236a71b16ec16e742cd7a986fd3\windows-amd64\native-platform-file-events.dll
0x00007ff8a6bc0000 - 0x00007ff8a6bca000 	C:\Program Files\Android\Android Studio\jbr\bin\management.dll
0x00007ff8a6430000 - 0x00007ff8a643b000 	C:\Program Files\Android\Android Studio\jbr\bin\management_ext.dll
0x00007ff8adcc0000 - 0x00007ff8adcd8000 	C:\WINDOWS\SYSTEM32\CRYPTSP.dll
0x00007ff8ac9d0000 - 0x00007ff8aca04000 	C:\WINDOWS\system32\rsaenh.dll
0x00007ff8adf10000 - 0x00007ff8adf3e000 	C:\WINDOWS\SYSTEM32\USERENV.dll
0x00007ff8ad2e0000 - 0x00007ff8ad2ec000 	C:\WINDOWS\SYSTEM32\CRYPTBASE.dll
0x00007ff8acd30000 - 0x00007ff8acd6b000 	C:\WINDOWS\SYSTEM32\IPHLPAPI.DLL
0x00007ff8b08e0000 - 0x00007ff8b08e8000 	C:\WINDOWS\System32\NSI.dll
0x00007ff8a19c0000 - 0x00007ff8a19d7000 	C:\WINDOWS\SYSTEM32\dhcpcsvc6.DLL
0x00007ff8a2ee0000 - 0x00007ff8a2efd000 	C:\WINDOWS\SYSTEM32\dhcpcsvc.DLL
0x00007ff8acd70000 - 0x00007ff8ace3b000 	C:\WINDOWS\SYSTEM32\DNSAPI.dll

dbghelp: loaded successfully - version: 4.0.5 - missing functions: none
symbol engine: initialized successfully - sym options: 0x614 - pdb path: .;C:\Program Files\Android\Android Studio\jbr\bin;C:\WINDOWS\SYSTEM32;C:\WINDOWS\WinSxS\amd64_microsoft.windows.common-controls_6595b64144ccf1df_6.0.19041.3636_none_60b6a03d71f818d5;C:\Program Files\Java\jdk-17\bin;C:\Program Files\Android\Android Studio\jbr\bin\server;C:\Users\pc\.gradle\native\e1d6ef7f7dcc3fd88c89a11ec53ec762bb8ba0a96d01ffa2cd45eb1d1d8dd5c5\windows-amd64;C:\Users\pc\.gradle\native\0d407fdbe67a94daf76414ababcb853783967236a71b16ec16e742cd7a986fd3\windows-amd64

VM Arguments:
jvm_args: --add-opens=java.base/java.util=ALL-UNNAMED --add-opens=java.base/java.lang=ALL-UNNAMED --add-opens=java.base/java.lang.invoke=ALL-UNNAMED --add-opens=java.base/java.util=ALL-UNNAMED --add-opens=java.prefs/java.util.prefs=ALL-UNNAMED --add-opens=java.prefs/java.util.prefs=ALL-UNNAMED --add-opens=java.base/java.nio.charset=ALL-UNNAMED --add-opens=java.base/java.net=ALL-UNNAMED --add-opens=java.base/java.util.concurrent.atomic=ALL-UNNAMED -Xmx2048m -Dfile.encoding=UTF-8 -Duser.country=IN -Duser.language=en -Duser.variant 
java_command: org.gradle.launcher.daemon.bootstrap.GradleDaemon 7.5
java_class_path (initial): C:\Users\pc\.gradle\wrapper\dists\gradle-7.5-bin\f1w0cc9nuo0eivz97x2xlu9sv\gradle-7.5\lib\gradle-launcher-7.5.jar
Launcher Type: SUN_STANDARD

[Global flags]
     intx CICompilerCount                          = 3                                         {product} {ergonomic}
     uint ConcGCThreads                            = 1                                         {product} {ergonomic}
     uint G1ConcRefinementThreads                  = 4                                         {product} {ergonomic}
   size_t G1HeapRegionSize                         = 1048576                                   {product} {ergonomic}
    uintx GCDrainStackTargetSize                   = 64                                        {product} {ergonomic}
   size_t InitialHeapSize                          = 201326592                                 {product} {ergonomic}
   size_t MarkStackSize                            = 4194304                                   {product} {ergonomic}
   size_t MaxHeapSize                              = 2147483648                                {product} {command line}
   size_t MaxNewSize                               = 1287651328                                {product} {ergonomic}
   size_t MinHeapDeltaBytes                        = 1048576                                   {product} {ergonomic}
    uintx NonNMethodCodeHeapSize                   = 5830732                                {pd product} {ergonomic}
    uintx NonProfiledCodeHeapSize                  = 122913754                              {pd product} {ergonomic}
    uintx ProfiledCodeHeapSize                     = 122913754                              {pd product} {ergonomic}
    uintx ReservedCodeCacheSize                    = 251658240                              {pd product} {ergonomic}
     bool SegmentedCodeCache                       = true                                      {product} {ergonomic}
     bool UseCompressedClassPointers               = true                                 {lp64_product} {ergonomic}
     bool UseCompressedOops                        = true                                 {lp64_product} {ergonomic}
     bool UseG1GC                                  = true                                      {product} {ergonomic}
     bool UseLargePagesIndividualAllocation        = false                                  {pd product} {ergonomic}

Logging:
Log output configuration:
 #0: stdout all=warning uptime,level,tags
 #1: stderr all=off uptime,level,tags

Environment Variables:
PATH=C:\Program Files\Common Files\Oracle\Java\javapath;C:\Program Files (x86)\Common Files\Oracle\Java\javapath;C:\WINDOWS\system32;C:\WINDOWS;C:\WINDOWS\System32\Wbem;C:\WINDOWS\System32\WindowsPowerShell\v1.0\;C:\WINDOWS\System32\OpenSSH\;C:\Program Files\Git\cmd;C:\src\flutter\bin;C:\Program Files\Java\jdk-17\bin;C:\Users\pc\AppData\Local\Microsoft\WindowsApps;C:\src\flutter\bin;;C:\Users\pc\AppData\Local\Programs\Microsoft VS Code\bin
USERNAME=pc
OS=Windows_NT
PROCESSOR_IDENTIFIER=Intel64 Family 6 Model 61 Stepping 4, GenuineIntel



---------------  S Y S T E M  ---------------

OS: Windows 10 , 64 bit Build 19041 (10.0.19041.3636)
OS uptime: 0 days 13:03 hours

CPU:total 4 (initial active 4) (2 cores per cpu, 2 threads per core) family 6 model 61 stepping 4 microcode 0x2d, cmov, cx8, fxsr, mmx, sse, sse2, sse3, ssse3, sse4.1, sse4.2, popcnt, avx, avx2, aes, clmul, erms, 3dnowpref, lzcnt, ht, tsc, tscinvbit, bmi1, bmi2, adx, fma

Memory: 4k page, system-wide physical 12206M (5481M free)
TotalPageFile size 14510M (AvailPageFile size 7411M)
current process WorkingSet (physical memory assigned to process): 144M, peak: 144M
current process commit charge ("private bytes"): 321M, peak: 321M

vm_info: OpenJDK 64-Bit Server VM (11.0.15+0-b2043.56-8887301) for windows-amd64 JRE (11.0.15+0-b2043.56-8887301), built on Jul 29 2022 23:19:47 by "builduser" with unknown MS VC++:1929

END.
